{"D:\\Projects\\S81_Sanjai_Capstone_Explore-TN\\Back-End\\middelware\\catchAsyncError.js": {"path":"D:\\Projects\\S81_Sanjai_Capstone_Explore-TN\\Back-End\\middelware\\catchAsyncError.js","statementMap":{"0":{"start":{"line":1,"column":0},"end":{"line":3,"column":2}},"1":{"start":{"line":1,"column":30},"end":{"line":3,"column":1}},"2":{"start":{"line":2,"column":4},"end":{"line":2,"column":57}}},"fnMap":{"0":{"name":"(anonymous_0)","decl":{"start":{"line":1,"column":17},"end":{"line":1,"column":18}},"loc":{"start":{"line":1,"column":30},"end":{"line":3,"column":1}},"line":1},"1":{"name":"(anonymous_1)","decl":{"start":{"line":1,"column":30},"end":{"line":1,"column":31}},"loc":{"start":{"line":1,"column":50},"end":{"line":3,"column":1}},"line":1}},"branchMap":{},"s":{"0":1,"1":6,"2":6},"f":{"0":6,"1":6},"b":{},"_coverageSchema":"1a1c01bbd47fc00a2c39e90264f33305004495a9","hash":"30044a01a94a7994536b0a0967b1931891c005f1"}
,"D:\\Projects\\S81_Sanjai_Capstone_Explore-TN\\Back-End\\utils\\errorhandler.js": {"path":"D:\\Projects\\S81_Sanjai_Capstone_Explore-TN\\Back-End\\utils\\errorhandler.js","statementMap":{"0":{"start":{"line":3,"column":8},"end":{"line":3,"column":22}},"1":{"start":{"line":4,"column":8},"end":{"line":4,"column":35}},"2":{"start":{"line":6,"column":8},"end":{"line":6,"column":55}},"3":{"start":{"line":10,"column":0},"end":{"line":10,"column":28}}},"fnMap":{"0":{"name":"(anonymous_0)","decl":{"start":{"line":2,"column":4},"end":{"line":2,"column":5}},"loc":{"start":{"line":2,"column":35},"end":{"line":7,"column":5}},"line":2}},"branchMap":{},"s":{"0":9,"1":9,"2":9,"3":1},"f":{"0":9},"b":{},"_coverageSchema":"1a1c01bbd47fc00a2c39e90264f33305004495a9","hash":"81989e8299ef2738bc948866f06dc492335dbce9"}
}
